2024-03-14 16:12:07,926 - Line:5 - INFO ::=> All Tenders
2024-03-14 16:12:07,926 - Line:6 - INFO ::=> ['GEM_2023_B_3971427', 'GEM_2023_B_3885117', 'GEM_2023_B_3963553', 'GEM_2023_B_3969903', 'GEM_2023_B_3978602', 'GEM_2023_B_3977947', 'GEM_2023_B_3978362', 'GEM_2023_B_3923283', 'GEM_2023_B_3971804', 'GEM_2023_B_3973981', 'GEM_2023_B_3985238', '2023_MES_616798_1', '2023_FCI_769470_1', '2023_FCI_769521_1', '2023_FCI_769448_1', '2023_FCI_769428_1', '2023_PVVNL_841650_1', '2023_DVVNL_841489_1', '2023_EIL_772246_1', 'GEM_2023_B_3882199', 'GEM_2023_B_3614954', 'GEM_2023_B_3928673', 'GEM_2023_B_3927244', 'GEM_2023_B_3848667', 'GEM_2023_B_3918934', 'GEM_2023_B_3985638', 'GEM_2023_B_3899469', 'GEM_2023_B_3927466', '2023_AHDF_370347_1', '2023_AHDF_370000_1', '2023_SAJHA_75710_1', '2023_DOLBU_841399_1', 'GEM_2023_B_3924871', 'GEM_2023_B_3732074', 'GEM_2023_B_3984135', 'GEM_2023_B_3899736', 'GEM_2023_B_3878090', 'GEM_2023_B_3922868', '2023_RSAMB_368452_1', 'GEM_2023_B_3839843', '2023_UPPCU_841322_1', 'GEM_2023_B_3797193', 'GEM_2023_B_3919510', 'GEM_2023_B_3876679', '2023_UPPCU_841298_1', '2023_NNVAR_826675_52', 'GEM_2023_B_3909019', '2023_NNSAH_840808_1', '2023_DOLBU_840775_1', 'GEM_2023_B_3909257', '2023_SUDA_839969_68', '2023_PWD_78782_14', '2023_SUDA_839969_54', '2023_IFC_247620_1', '2023_DJB_247612_2', 'GEM_2023_B_3844689', 'GEM_2023_B_3877944', '2023_NHPC_772624_1', '2023_SUDA_839969_45', '2023_DVVNL_840748_1', '2023_DVVNL_840719_1', 'GEM_2023_B_3891395', '2023_DOLBU_839026_38', 'GEM_2023_B_3898086', '2023_DVVNL_840675_1', '2023_PWD_79091_1', 'GEM_2023_B_3614393', '2023_CPD1_79159_1', 'GEM_2023_B_3875772', '2023_DOLBU_840085_1', '2023_DOLBU_838403_1', 'GEM_2023_B_3917769', '2023_HRY_313936_1', 'GEM_2023_B_3920647', 'GEM_2023_B_3884520', '2023_DVVNL_840488_1', 'GEM_2023_B_3846112', 'GEM_2023_B_3879101', '2023_UPPCF_834099_1', '2023_MoRTH_768091_1', '2023_NNMEE_833318_76', '2023_IIMAS_767922_1', '2023_IAF_614868_1', 'GEM_2023_B_3888581', '2023_ECL_287584_1', '2023_MES_614712_1', '2023_KSCSB_832882_1', '2023_CCL_287712_1', '2023_NOIDA_833143_1', '2023_NOIDA_833128_1', '2023_CCL_287531_1', '2023_UPSBC_833501_1', '2023_UPSBC_832533_1', 'GEM_2023_B_3637167', 'GEM_2023_B_3903132']
2024-03-14 16:12:07,929 - Line:22 - INFO ::=> Destination path '/mnt/tender_auto/Rejected Tenders/GEM_2023_B_3971427' already exists
2024-03-14 16:12:07,930 - Line:22 - INFO ::=> Destination path '/mnt/tender_auto/Rejected Tenders/GEM_2023_B_3885117' already exists
2024-03-14 16:12:07,930 - Line:22 - INFO ::=> Destination path '/mnt/tender_auto/Rejected Tenders/GEM_2023_B_3963553' already exists
2024-03-14 16:12:07,932 - Line:22 - INFO ::=> Destination path '/mnt/tender_auto/Rejected Tenders/GEM_2023_B_3969903' already exists
2024-03-14 16:12:07,933 - Line:22 - INFO ::=> Destination path '/mnt/tender_auto/Rejected Tenders/GEM_2023_B_3978602' already exists
2024-03-14 16:12:07,934 - Line:22 - INFO ::=> Destination path '/mnt/tender_auto/Rejected Tenders/GEM_2023_B_3977947' already exists
2024-03-14 16:12:07,934 - Line:22 - INFO ::=> Destination path '/mnt/tender_auto/Rejected Tenders/GEM_2023_B_3978362' already exists
2024-03-14 16:12:07,935 - Line:22 - INFO ::=> Destination path '/mnt/tender_auto/Rejected Tenders/GEM_2023_B_3923283' already exists
2024-03-14 16:12:07,936 - Line:22 - INFO ::=> Destination path '/mnt/tender_auto/Rejected Tenders/GEM_2023_B_3971804' already exists
2024-03-14 16:12:07,937 - Line:22 - INFO ::=> Destination path '/mnt/tender_auto/Rejected Tenders/GEM_2023_B_3973981' already exists
2024-03-14 16:12:07,938 - Line:22 - INFO ::=> Destination path '/mnt/tender_auto/Rejected Tenders/GEM_2023_B_3985238' already exists
2024-03-14 16:12:07,938 - Line:22 - INFO ::=> Destination path '/mnt/tender_auto/Rejected Tenders/2023_MES_616798_1' already exists
2024-03-14 16:12:07,939 - Line:22 - INFO ::=> Destination path '/mnt/tender_auto/Rejected Tenders/2023_FCI_769470_1' already exists
2024-03-14 16:12:07,940 - Line:22 - INFO ::=> Destination path '/mnt/tender_auto/Rejected Tenders/2023_FCI_769521_1' already exists
2024-03-14 16:12:07,940 - Line:22 - INFO ::=> Destination path '/mnt/tender_auto/Rejected Tenders/2023_FCI_769448_1' already exists
2024-03-14 16:12:07,941 - Line:22 - INFO ::=> Destination path '/mnt/tender_auto/Rejected Tenders/2023_FCI_769428_1' already exists
2024-03-14 16:12:07,942 - Line:22 - INFO ::=> Destination path '/mnt/tender_auto/Rejected Tenders/2023_PVVNL_841650_1' already exists
2024-03-14 16:12:07,942 - Line:22 - INFO ::=> Destination path '/mnt/tender_auto/Rejected Tenders/2023_DVVNL_841489_1' already exists
2024-03-14 16:12:07,943 - Line:22 - INFO ::=> Destination path '/mnt/tender_auto/Rejected Tenders/2023_EIL_772246_1' already exists
2024-03-14 16:12:07,944 - Line:22 - INFO ::=> Destination path '/mnt/tender_auto/Rejected Tenders/GEM_2023_B_3882199' already exists
2024-03-14 16:12:07,945 - Line:22 - INFO ::=> Destination path '/mnt/tender_auto/Rejected Tenders/GEM_2023_B_3614954' already exists
2024-03-14 16:12:07,945 - Line:22 - INFO ::=> Destination path '/mnt/tender_auto/Rejected Tenders/GEM_2023_B_3928673' already exists
2024-03-14 16:12:07,946 - Line:22 - INFO ::=> Destination path '/mnt/tender_auto/Rejected Tenders/GEM_2023_B_3927244' already exists
2024-03-14 16:12:07,947 - Line:22 - INFO ::=> Destination path '/mnt/tender_auto/Rejected Tenders/GEM_2023_B_3848667' already exists
2024-03-14 16:12:07,947 - Line:22 - INFO ::=> Destination path '/mnt/tender_auto/Rejected Tenders/GEM_2023_B_3918934' already exists
2024-03-14 16:12:07,948 - Line:22 - INFO ::=> Destination path '/mnt/tender_auto/Rejected Tenders/GEM_2023_B_3985638' already exists
2024-03-14 16:12:07,949 - Line:22 - INFO ::=> Destination path '/mnt/tender_auto/Rejected Tenders/GEM_2023_B_3899469' already exists
2024-03-14 16:12:07,950 - Line:22 - INFO ::=> Destination path '/mnt/tender_auto/Rejected Tenders/GEM_2023_B_3927466' already exists
2024-03-14 16:12:07,950 - Line:22 - INFO ::=> Destination path '/mnt/tender_auto/Rejected Tenders/2023_AHDF_370347_1' already exists
2024-03-14 16:12:07,951 - Line:22 - INFO ::=> Destination path '/mnt/tender_auto/Rejected Tenders/2023_AHDF_370000_1' already exists
2024-03-14 16:12:07,952 - Line:22 - INFO ::=> Destination path '/mnt/tender_auto/Rejected Tenders/2023_SAJHA_75710_1' already exists
2024-03-14 16:12:07,953 - Line:22 - INFO ::=> Destination path '/mnt/tender_auto/Rejected Tenders/2023_DOLBU_841399_1' already exists
2024-03-14 16:12:07,953 - Line:22 - INFO ::=> Destination path '/mnt/tender_auto/Rejected Tenders/GEM_2023_B_3924871' already exists
2024-03-14 16:12:07,954 - Line:22 - INFO ::=> Destination path '/mnt/tender_auto/Rejected Tenders/GEM_2023_B_3732074' already exists
2024-03-14 16:12:07,955 - Line:22 - INFO ::=> Destination path '/mnt/tender_auto/Rejected Tenders/GEM_2023_B_3984135' already exists
2024-03-14 16:12:07,955 - Line:22 - INFO ::=> Destination path '/mnt/tender_auto/Rejected Tenders/GEM_2023_B_3899736' already exists
2024-03-14 16:12:07,956 - Line:22 - INFO ::=> Destination path '/mnt/tender_auto/Rejected Tenders/GEM_2023_B_3878090' already exists
2024-03-14 16:12:07,957 - Line:22 - INFO ::=> Destination path '/mnt/tender_auto/Rejected Tenders/GEM_2023_B_3922868' already exists
2024-03-14 16:12:07,958 - Line:22 - INFO ::=> Destination path '/mnt/tender_auto/Rejected Tenders/2023_RSAMB_368452_1' already exists
2024-03-14 16:12:07,958 - Line:22 - INFO ::=> Destination path '/mnt/tender_auto/Rejected Tenders/GEM_2023_B_3839843' already exists
2024-03-14 16:12:07,959 - Line:22 - INFO ::=> Destination path '/mnt/tender_auto/Rejected Tenders/2023_UPPCU_841322_1' already exists
2024-03-14 16:12:07,960 - Line:22 - INFO ::=> Destination path '/mnt/tender_auto/Rejected Tenders/GEM_2023_B_3797193' already exists
2024-03-14 16:12:07,960 - Line:22 - INFO ::=> Destination path '/mnt/tender_auto/Rejected Tenders/GEM_2023_B_3919510' already exists
2024-03-14 16:12:07,961 - Line:22 - INFO ::=> Destination path '/mnt/tender_auto/Rejected Tenders/GEM_2023_B_3876679' already exists
2024-03-14 16:12:07,962 - Line:22 - INFO ::=> Destination path '/mnt/tender_auto/Rejected Tenders/2023_UPPCU_841298_1' already exists
2024-03-14 16:12:07,963 - Line:22 - INFO ::=> Destination path '/mnt/tender_auto/Rejected Tenders/2023_NNVAR_826675_52' already exists
2024-03-14 16:12:07,963 - Line:22 - INFO ::=> Destination path '/mnt/tender_auto/Rejected Tenders/GEM_2023_B_3909019' already exists
2024-03-14 16:12:07,964 - Line:22 - INFO ::=> Destination path '/mnt/tender_auto/Rejected Tenders/2023_NNSAH_840808_1' already exists
2024-03-14 16:12:07,965 - Line:22 - INFO ::=> Destination path '/mnt/tender_auto/Rejected Tenders/2023_DOLBU_840775_1' already exists
2024-03-14 16:12:07,965 - Line:22 - INFO ::=> Destination path '/mnt/tender_auto/Rejected Tenders/GEM_2023_B_3909257' already exists
2024-03-14 16:12:07,966 - Line:22 - INFO ::=> Destination path '/mnt/tender_auto/Rejected Tenders/2023_SUDA_839969_68' already exists
2024-03-14 16:12:07,967 - Line:22 - INFO ::=> Destination path '/mnt/tender_auto/Rejected Tenders/2023_PWD_78782_14' already exists
2024-03-14 16:12:07,968 - Line:22 - INFO ::=> Destination path '/mnt/tender_auto/Rejected Tenders/2023_SUDA_839969_54' already exists
2024-03-14 16:12:07,968 - Line:22 - INFO ::=> Destination path '/mnt/tender_auto/Rejected Tenders/2023_IFC_247620_1' already exists
2024-03-14 16:12:07,969 - Line:22 - INFO ::=> Destination path '/mnt/tender_auto/Rejected Tenders/2023_DJB_247612_2' already exists
2024-03-14 16:12:07,970 - Line:22 - INFO ::=> Destination path '/mnt/tender_auto/Rejected Tenders/GEM_2023_B_3844689' already exists
2024-03-14 16:12:07,971 - Line:22 - INFO ::=> Destination path '/mnt/tender_auto/Rejected Tenders/GEM_2023_B_3877944' already exists
2024-03-14 16:12:07,971 - Line:22 - INFO ::=> Destination path '/mnt/tender_auto/Rejected Tenders/2023_NHPC_772624_1' already exists
2024-03-14 16:12:07,972 - Line:22 - INFO ::=> Destination path '/mnt/tender_auto/Rejected Tenders/2023_SUDA_839969_45' already exists
2024-03-14 16:12:07,973 - Line:22 - INFO ::=> Destination path '/mnt/tender_auto/Rejected Tenders/2023_DVVNL_840748_1' already exists
2024-03-14 16:12:07,973 - Line:22 - INFO ::=> Destination path '/mnt/tender_auto/Rejected Tenders/2023_DVVNL_840719_1' already exists
2024-03-14 16:12:07,974 - Line:22 - INFO ::=> Destination path '/mnt/tender_auto/Rejected Tenders/GEM_2023_B_3891395' already exists
2024-03-14 16:12:07,975 - Line:22 - INFO ::=> Destination path '/mnt/tender_auto/Rejected Tenders/2023_DOLBU_839026_38' already exists
2024-03-14 16:12:07,976 - Line:22 - INFO ::=> Destination path '/mnt/tender_auto/Rejected Tenders/GEM_2023_B_3898086' already exists
2024-03-14 16:12:07,977 - Line:22 - INFO ::=> Destination path '/mnt/tender_auto/Rejected Tenders/2023_DVVNL_840675_1' already exists
2024-03-14 16:12:07,977 - Line:22 - INFO ::=> Destination path '/mnt/tender_auto/Rejected Tenders/2023_PWD_79091_1' already exists
2024-03-14 16:12:07,978 - Line:22 - INFO ::=> [Errno 2] No such file or directory: '/mnt/tender_auto/GEM_2023_B_3614393'
2024-03-14 16:12:07,979 - Line:22 - INFO ::=> Destination path '/mnt/tender_auto/Rejected Tenders/2023_CPD1_79159_1' already exists
2024-03-14 16:12:07,980 - Line:22 - INFO ::=> Destination path '/mnt/tender_auto/Rejected Tenders/GEM_2023_B_3875772' already exists
2024-03-14 16:12:07,981 - Line:22 - INFO ::=> Destination path '/mnt/tender_auto/Rejected Tenders/2023_DOLBU_840085_1' already exists
2024-03-14 16:12:07,981 - Line:22 - INFO ::=> Destination path '/mnt/tender_auto/Rejected Tenders/2023_DOLBU_838403_1' already exists
2024-03-14 16:12:07,982 - Line:22 - INFO ::=> Destination path '/mnt/tender_auto/Rejected Tenders/GEM_2023_B_3917769' already exists
2024-03-14 16:12:07,983 - Line:22 - INFO ::=> Destination path '/mnt/tender_auto/Rejected Tenders/2023_HRY_313936_1' already exists
2024-03-14 16:12:07,984 - Line:22 - INFO ::=> Destination path '/mnt/tender_auto/Rejected Tenders/GEM_2023_B_3920647' already exists
2024-03-14 16:12:07,985 - Line:22 - INFO ::=> Destination path '/mnt/tender_auto/Rejected Tenders/GEM_2023_B_3884520' already exists
2024-03-14 16:12:07,985 - Line:22 - INFO ::=> Destination path '/mnt/tender_auto/Rejected Tenders/2023_DVVNL_840488_1' already exists
2024-03-14 16:12:07,986 - Line:22 - INFO ::=> Destination path '/mnt/tender_auto/Rejected Tenders/GEM_2023_B_3846112' already exists
2024-03-14 16:12:07,987 - Line:22 - INFO ::=> Destination path '/mnt/tender_auto/Rejected Tenders/GEM_2023_B_3879101' already exists
2024-03-14 16:12:07,987 - Line:22 - INFO ::=> Destination path '/mnt/tender_auto/Rejected Tenders/2023_UPPCF_834099_1' already exists
2024-03-14 16:12:07,988 - Line:22 - INFO ::=> Destination path '/mnt/tender_auto/Rejected Tenders/2023_MoRTH_768091_1' already exists
2024-03-14 16:12:07,989 - Line:22 - INFO ::=> Destination path '/mnt/tender_auto/Rejected Tenders/2023_NNMEE_833318_76' already exists
2024-03-14 16:12:07,990 - Line:22 - INFO ::=> Destination path '/mnt/tender_auto/Rejected Tenders/2023_IIMAS_767922_1' already exists
2024-03-14 16:12:07,990 - Line:22 - INFO ::=> Destination path '/mnt/tender_auto/Rejected Tenders/2023_IAF_614868_1' already exists
2024-03-14 16:12:07,991 - Line:22 - INFO ::=> Destination path '/mnt/tender_auto/Rejected Tenders/GEM_2023_B_3888581' already exists
2024-03-14 16:12:07,992 - Line:22 - INFO ::=> Destination path '/mnt/tender_auto/Rejected Tenders/2023_ECL_287584_1' already exists
2024-03-14 16:12:07,992 - Line:22 - INFO ::=> Destination path '/mnt/tender_auto/Rejected Tenders/2023_MES_614712_1' already exists
2024-03-14 16:12:07,993 - Line:22 - INFO ::=> Destination path '/mnt/tender_auto/Rejected Tenders/2023_KSCSB_832882_1' already exists
2024-03-14 16:12:07,994 - Line:22 - INFO ::=> Destination path '/mnt/tender_auto/Rejected Tenders/2023_CCL_287712_1' already exists
2024-03-14 16:12:07,995 - Line:22 - INFO ::=> Destination path '/mnt/tender_auto/Rejected Tenders/2023_NOIDA_833143_1' already exists
2024-03-14 16:12:07,995 - Line:22 - INFO ::=> Destination path '/mnt/tender_auto/Rejected Tenders/2023_NOIDA_833128_1' already exists
2024-03-14 16:12:07,996 - Line:22 - INFO ::=> Destination path '/mnt/tender_auto/Rejected Tenders/2023_CCL_287531_1' already exists
2024-03-14 16:12:07,997 - Line:22 - INFO ::=> Destination path '/mnt/tender_auto/Rejected Tenders/2023_UPSBC_833501_1' already exists
2024-03-14 16:12:07,997 - Line:22 - INFO ::=> Destination path '/mnt/tender_auto/Rejected Tenders/2023_UPSBC_832533_1' already exists
2024-03-14 16:12:07,998 - Line:22 - INFO ::=> Destination path '/mnt/tender_auto/Rejected Tenders/GEM_2023_B_3637167' already exists
2024-03-14 16:12:07,999 - Line:22 - INFO ::=> Destination path '/mnt/tender_auto/Rejected Tenders/GEM_2023_B_3903132' already exists
2024-03-14 16:12:08,000 - Line:41 - INFO ::=> Error while sending mail, send_mail() missing 1 required positional argument: 'to_cc'
2024-03-14 16:12:08,000 - Line:42 - INFO ::=> Success Tender List
2024-03-14 16:12:08,000 - Line:43 - INFO ::=> []
2024-03-14 16:12:08,000 - Line:44 - INFO ::=> Failure Tender List
2024-03-14 16:12:08,000 - Line:45 - INFO ::=> ['GEM_2023_B_3971427', 'GEM_2023_B_3885117', 'GEM_2023_B_3963553', 'GEM_2023_B_3969903', 'GEM_2023_B_3978602', 'GEM_2023_B_3977947', 'GEM_2023_B_3978362', 'GEM_2023_B_3923283', 'GEM_2023_B_3971804', 'GEM_2023_B_3973981', 'GEM_2023_B_3985238', '2023_MES_616798_1', '2023_FCI_769470_1', '2023_FCI_769521_1', '2023_FCI_769448_1', '2023_FCI_769428_1', '2023_PVVNL_841650_1', '2023_DVVNL_841489_1', '2023_EIL_772246_1', 'GEM_2023_B_3882199', 'GEM_2023_B_3614954', 'GEM_2023_B_3928673', 'GEM_2023_B_3927244', 'GEM_2023_B_3848667', 'GEM_2023_B_3918934', 'GEM_2023_B_3985638', 'GEM_2023_B_3899469', 'GEM_2023_B_3927466', '2023_AHDF_370347_1', '2023_AHDF_370000_1', '2023_SAJHA_75710_1', '2023_DOLBU_841399_1', 'GEM_2023_B_3924871', 'GEM_2023_B_3732074', 'GEM_2023_B_3984135', 'GEM_2023_B_3899736', 'GEM_2023_B_3878090', 'GEM_2023_B_3922868', '2023_RSAMB_368452_1', 'GEM_2023_B_3839843', '2023_UPPCU_841322_1', 'GEM_2023_B_3797193', 'GEM_2023_B_3919510', 'GEM_2023_B_3876679', '2023_UPPCU_841298_1', '2023_NNVAR_826675_52', 'GEM_2023_B_3909019', '2023_NNSAH_840808_1', '2023_DOLBU_840775_1', 'GEM_2023_B_3909257', '2023_SUDA_839969_68', '2023_PWD_78782_14', '2023_SUDA_839969_54', '2023_IFC_247620_1', '2023_DJB_247612_2', 'GEM_2023_B_3844689', 'GEM_2023_B_3877944', '2023_NHPC_772624_1', '2023_SUDA_839969_45', '2023_DVVNL_840748_1', '2023_DVVNL_840719_1', 'GEM_2023_B_3891395', '2023_DOLBU_839026_38', 'GEM_2023_B_3898086', '2023_DVVNL_840675_1', '2023_PWD_79091_1', 'GEM_2023_B_3614393', '2023_CPD1_79159_1', 'GEM_2023_B_3875772', '2023_DOLBU_840085_1', '2023_DOLBU_838403_1', 'GEM_2023_B_3917769', '2023_HRY_313936_1', 'GEM_2023_B_3920647', 'GEM_2023_B_3884520', '2023_DVVNL_840488_1', 'GEM_2023_B_3846112', 'GEM_2023_B_3879101', '2023_UPPCF_834099_1', '2023_MoRTH_768091_1', '2023_NNMEE_833318_76', '2023_IIMAS_767922_1', '2023_IAF_614868_1', 'GEM_2023_B_3888581', '2023_ECL_287584_1', '2023_MES_614712_1', '2023_KSCSB_832882_1', '2023_CCL_287712_1', '2023_NOIDA_833143_1', '2023_NOIDA_833128_1', '2023_CCL_287531_1', '2023_UPSBC_833501_1', '2023_UPSBC_832533_1', 'GEM_2023_B_3637167', 'GEM_2023_B_3903132']
2024-03-14 16:13:38,189 - Line:1 - INFO ::=> All Tenders
2024-03-14 16:13:38,190 - Line:1 - INFO ::=> ['GEM_2023_B_3971427', 'GEM_2023_B_3885117', 'GEM_2023_B_3963553', 'GEM_2023_B_3969903', 'GEM_2023_B_3978602', 'GEM_2023_B_3977947', 'GEM_2023_B_3978362', 'GEM_2023_B_3923283', 'GEM_2023_B_3971804', 'GEM_2023_B_3973981', 'GEM_2023_B_3985238', '2023_MES_616798_1', '2023_FCI_769470_1', '2023_FCI_769521_1', '2023_FCI_769448_1', '2023_FCI_769428_1', '2023_PVVNL_841650_1', '2023_DVVNL_841489_1', '2023_EIL_772246_1', 'GEM_2023_B_3882199', 'GEM_2023_B_3614954', 'GEM_2023_B_3928673', 'GEM_2023_B_3927244', 'GEM_2023_B_3848667', 'GEM_2023_B_3918934', 'GEM_2023_B_3985638', 'GEM_2023_B_3899469', 'GEM_2023_B_3927466', '2023_AHDF_370347_1', '2023_AHDF_370000_1', '2023_SAJHA_75710_1', '2023_DOLBU_841399_1', 'GEM_2023_B_3924871', 'GEM_2023_B_3732074', 'GEM_2023_B_3984135', 'GEM_2023_B_3899736', 'GEM_2023_B_3878090', 'GEM_2023_B_3922868', '2023_RSAMB_368452_1', 'GEM_2023_B_3839843', '2023_UPPCU_841322_1', 'GEM_2023_B_3797193', 'GEM_2023_B_3919510', 'GEM_2023_B_3876679', '2023_UPPCU_841298_1', '2023_NNVAR_826675_52', 'GEM_2023_B_3909019', '2023_NNSAH_840808_1', '2023_DOLBU_840775_1', 'GEM_2023_B_3909257', '2023_SUDA_839969_68', '2023_PWD_78782_14', '2023_SUDA_839969_54', '2023_IFC_247620_1', '2023_DJB_247612_2', 'GEM_2023_B_3844689', 'GEM_2023_B_3877944', '2023_NHPC_772624_1', '2023_SUDA_839969_45', '2023_DVVNL_840748_1', '2023_DVVNL_840719_1', 'GEM_2023_B_3891395', '2023_DOLBU_839026_38', 'GEM_2023_B_3898086', '2023_DVVNL_840675_1', '2023_PWD_79091_1', 'GEM_2023_B_3614393', '2023_CPD1_79159_1', 'GEM_2023_B_3875772', '2023_DOLBU_840085_1', '2023_DOLBU_838403_1', 'GEM_2023_B_3917769', '2023_HRY_313936_1', 'GEM_2023_B_3920647', 'GEM_2023_B_3884520', '2023_DVVNL_840488_1', 'GEM_2023_B_3846112', 'GEM_2023_B_3879101', '2023_UPPCF_834099_1', '2023_MoRTH_768091_1', '2023_NNMEE_833318_76', '2023_IIMAS_767922_1', '2023_IAF_614868_1', 'GEM_2023_B_3888581', '2023_ECL_287584_1', '2023_MES_614712_1', '2023_KSCSB_832882_1', '2023_CCL_287712_1', '2023_NOIDA_833143_1', '2023_NOIDA_833128_1', '2023_CCL_287531_1', '2023_UPSBC_833501_1', '2023_UPSBC_832533_1', 'GEM_2023_B_3637167', 'GEM_2023_B_3903132']
