2024-03-14 17:05:12,634 - Line:5 - INFO ::=> All Tenders
2024-03-14 17:05:12,635 - Line:6 - INFO ::=> ['GEM_2023_B_3971427', 'GEM_2023_B_3885117', 'GEM_2023_B_3963553', 'GEM_2023_B_3969903', 'GEM_2023_B_3978602', 'GEM_2023_B_3977947', 'GEM_2023_B_3978362', 'GEM_2023_B_3923283', 'GEM_2023_B_3971804', 'GEM_2023_B_3973981', 'GEM_2023_B_3985238', '2023_MES_616798_1', '2023_FCI_769470_1', '2023_FCI_769521_1', '2023_FCI_769448_1', '2023_FCI_769428_1', '2023_PVVNL_841650_1', '2023_DVVNL_841489_1', '2023_EIL_772246_1', 'GEM_2023_B_3882199', 'GEM_2023_B_3614954', 'GEM_2023_B_3928673', 'GEM_2023_B_3927244', 'GEM_2023_B_3848667', 'GEM_2023_B_3918934', 'GEM_2023_B_3985638', 'GEM_2023_B_3899469', 'GEM_2023_B_3927466', '2023_AHDF_370347_1', '2023_AHDF_370000_1', '2023_SAJHA_75710_1', '2023_DOLBU_841399_1', 'GEM_2023_B_3924871', 'GEM_2023_B_3732074', 'GEM_2023_B_3984135', 'GEM_2023_B_3899736', 'GEM_2023_B_3878090', 'GEM_2023_B_3922868', '2023_RSAMB_368452_1', 'GEM_2023_B_3839843', '2023_UPPCU_841322_1', 'GEM_2023_B_3797193', 'GEM_2023_B_3919510', 'GEM_2023_B_3876679', '2023_UPPCU_841298_1', '2023_NNVAR_826675_52', 'GEM_2023_B_3909019', '2023_NNSAH_840808_1', '2023_DOLBU_840775_1', 'GEM_2023_B_3909257', '2023_SUDA_839969_68', '2023_PWD_78782_14', '2023_SUDA_839969_54', '2023_IFC_247620_1', '2023_DJB_247612_2', 'GEM_2023_B_3844689', 'GEM_2023_B_3877944', '2023_NHPC_772624_1', '2023_SUDA_839969_45', '2023_DVVNL_840748_1', '2023_DVVNL_840719_1', 'GEM_2023_B_3891395', '2023_DOLBU_839026_38', 'GEM_2023_B_3898086', '2023_DVVNL_840675_1', '2023_PWD_79091_1', 'GEM_2023_B_3614393', '2023_CPD1_79159_1', 'GEM_2023_B_3875772', '2023_DOLBU_840085_1', '2023_DOLBU_838403_1', 'GEM_2023_B_3917769', '2023_HRY_313936_1', 'GEM_2023_B_3920647', 'GEM_2023_B_3884520', '2023_DVVNL_840488_1', 'GEM_2023_B_3846112', 'GEM_2023_B_3879101', '2023_UPPCF_834099_1', '2023_MoRTH_768091_1', '2023_NNMEE_833318_76', '2023_IIMAS_767922_1', '2023_IAF_614868_1', 'GEM_2023_B_3888581', '2023_ECL_287584_1', '2023_MES_614712_1', '2023_KSCSB_832882_1', '2023_CCL_287712_1', '2023_NOIDA_833143_1', '2023_NOIDA_833128_1', '2023_CCL_287531_1', '2023_UPSBC_833501_1', '2023_UPSBC_832533_1']
2024-03-14 17:05:12,647 - Line:41 - INFO ::=> cannot access local variable 'moved_dir' where it is not associated with a value
2024-03-14 17:05:12,659 - Line:41 - INFO ::=> cannot access local variable 'moved_dir' where it is not associated with a value
2024-03-14 17:05:12,670 - Line:41 - INFO ::=> cannot access local variable 'moved_dir' where it is not associated with a value
2024-03-14 17:05:12,681 - Line:41 - INFO ::=> cannot access local variable 'moved_dir' where it is not associated with a value
2024-03-14 17:05:12,693 - Line:41 - INFO ::=> cannot access local variable 'moved_dir' where it is not associated with a value
2024-03-14 17:05:12,703 - Line:41 - INFO ::=> cannot access local variable 'moved_dir' where it is not associated with a value
2024-03-14 17:05:12,714 - Line:41 - INFO ::=> cannot access local variable 'moved_dir' where it is not associated with a value
2024-03-14 17:05:12,725 - Line:41 - INFO ::=> cannot access local variable 'moved_dir' where it is not associated with a value
2024-03-14 17:05:12,735 - Line:41 - INFO ::=> cannot access local variable 'moved_dir' where it is not associated with a value
2024-03-14 17:05:12,746 - Line:41 - INFO ::=> cannot access local variable 'moved_dir' where it is not associated with a value
2024-03-14 17:05:12,757 - Line:41 - INFO ::=> cannot access local variable 'moved_dir' where it is not associated with a value
2024-03-14 17:05:12,767 - Line:41 - INFO ::=> cannot access local variable 'moved_dir' where it is not associated with a value
2024-03-14 17:05:12,777 - Line:41 - INFO ::=> cannot access local variable 'moved_dir' where it is not associated with a value
2024-03-14 17:05:12,787 - Line:41 - INFO ::=> cannot access local variable 'moved_dir' where it is not associated with a value
2024-03-14 17:05:12,796 - Line:41 - INFO ::=> cannot access local variable 'moved_dir' where it is not associated with a value
2024-03-14 17:05:12,805 - Line:41 - INFO ::=> cannot access local variable 'moved_dir' where it is not associated with a value
2024-03-14 17:05:12,815 - Line:41 - INFO ::=> cannot access local variable 'moved_dir' where it is not associated with a value
2024-03-14 17:05:12,824 - Line:41 - INFO ::=> cannot access local variable 'moved_dir' where it is not associated with a value
2024-03-14 17:05:12,835 - Line:41 - INFO ::=> cannot access local variable 'moved_dir' where it is not associated with a value
2024-03-14 17:05:12,846 - Line:41 - INFO ::=> cannot access local variable 'moved_dir' where it is not associated with a value
2024-03-14 17:05:12,856 - Line:41 - INFO ::=> cannot access local variable 'moved_dir' where it is not associated with a value
2024-03-14 17:05:12,866 - Line:41 - INFO ::=> cannot access local variable 'moved_dir' where it is not associated with a value
2024-03-14 17:05:12,877 - Line:41 - INFO ::=> cannot access local variable 'moved_dir' where it is not associated with a value
2024-03-14 17:05:12,888 - Line:41 - INFO ::=> cannot access local variable 'moved_dir' where it is not associated with a value
2024-03-14 17:05:12,897 - Line:41 - INFO ::=> cannot access local variable 'moved_dir' where it is not associated with a value
2024-03-14 17:05:12,908 - Line:41 - INFO ::=> cannot access local variable 'moved_dir' where it is not associated with a value
2024-03-14 17:05:12,918 - Line:41 - INFO ::=> cannot access local variable 'moved_dir' where it is not associated with a value
2024-03-14 17:05:12,928 - Line:41 - INFO ::=> cannot access local variable 'moved_dir' where it is not associated with a value
2024-03-14 17:05:12,938 - Line:41 - INFO ::=> cannot access local variable 'moved_dir' where it is not associated with a value
2024-03-14 17:05:12,948 - Line:41 - INFO ::=> cannot access local variable 'moved_dir' where it is not associated with a value
2024-03-14 17:05:12,957 - Line:41 - INFO ::=> cannot access local variable 'moved_dir' where it is not associated with a value
2024-03-14 17:05:12,966 - Line:41 - INFO ::=> cannot access local variable 'moved_dir' where it is not associated with a value
2024-03-14 17:05:12,976 - Line:41 - INFO ::=> cannot access local variable 'moved_dir' where it is not associated with a value
2024-03-14 17:05:12,987 - Line:41 - INFO ::=> cannot access local variable 'moved_dir' where it is not associated with a value
2024-03-14 17:05:12,997 - Line:41 - INFO ::=> cannot access local variable 'moved_dir' where it is not associated with a value
2024-03-14 17:05:13,008 - Line:41 - INFO ::=> cannot access local variable 'moved_dir' where it is not associated with a value
2024-03-14 17:05:13,018 - Line:41 - INFO ::=> cannot access local variable 'moved_dir' where it is not associated with a value
2024-03-14 17:05:13,029 - Line:41 - INFO ::=> cannot access local variable 'moved_dir' where it is not associated with a value
2024-03-14 17:05:13,038 - Line:41 - INFO ::=> cannot access local variable 'moved_dir' where it is not associated with a value
2024-03-14 17:05:13,049 - Line:41 - INFO ::=> cannot access local variable 'moved_dir' where it is not associated with a value
2024-03-14 17:05:13,058 - Line:41 - INFO ::=> cannot access local variable 'moved_dir' where it is not associated with a value
2024-03-14 17:05:13,068 - Line:41 - INFO ::=> cannot access local variable 'moved_dir' where it is not associated with a value
2024-03-14 17:05:13,079 - Line:41 - INFO ::=> cannot access local variable 'moved_dir' where it is not associated with a value
2024-03-14 17:05:13,089 - Line:41 - INFO ::=> cannot access local variable 'moved_dir' where it is not associated with a value
2024-03-14 17:05:13,100 - Line:41 - INFO ::=> cannot access local variable 'moved_dir' where it is not associated with a value
2024-03-14 17:05:13,111 - Line:41 - INFO ::=> cannot access local variable 'moved_dir' where it is not associated with a value
2024-03-14 17:05:13,120 - Line:41 - INFO ::=> cannot access local variable 'moved_dir' where it is not associated with a value
2024-03-14 17:05:13,129 - Line:41 - INFO ::=> cannot access local variable 'moved_dir' where it is not associated with a value
2024-03-14 17:05:13,139 - Line:41 - INFO ::=> cannot access local variable 'moved_dir' where it is not associated with a value
2024-03-14 17:05:13,148 - Line:41 - INFO ::=> cannot access local variable 'moved_dir' where it is not associated with a value
2024-03-14 17:05:13,158 - Line:41 - INFO ::=> cannot access local variable 'moved_dir' where it is not associated with a value
2024-03-14 17:05:13,167 - Line:41 - INFO ::=> cannot access local variable 'moved_dir' where it is not associated with a value
2024-03-14 17:05:13,177 - Line:41 - INFO ::=> cannot access local variable 'moved_dir' where it is not associated with a value
2024-03-14 17:05:13,187 - Line:41 - INFO ::=> cannot access local variable 'moved_dir' where it is not associated with a value
2024-03-14 17:05:13,196 - Line:41 - INFO ::=> cannot access local variable 'moved_dir' where it is not associated with a value
2024-03-14 17:05:13,205 - Line:41 - INFO ::=> cannot access local variable 'moved_dir' where it is not associated with a value
2024-03-14 17:05:13,214 - Line:41 - INFO ::=> cannot access local variable 'moved_dir' where it is not associated with a value
2024-03-14 17:05:13,226 - Line:41 - INFO ::=> cannot access local variable 'moved_dir' where it is not associated with a value
2024-03-14 17:05:13,236 - Line:41 - INFO ::=> cannot access local variable 'moved_dir' where it is not associated with a value
2024-03-14 17:05:13,246 - Line:41 - INFO ::=> cannot access local variable 'moved_dir' where it is not associated with a value
2024-03-14 17:05:13,256 - Line:41 - INFO ::=> cannot access local variable 'moved_dir' where it is not associated with a value
2024-03-14 17:05:13,267 - Line:41 - INFO ::=> cannot access local variable 'moved_dir' where it is not associated with a value
2024-03-14 17:05:13,278 - Line:41 - INFO ::=> cannot access local variable 'moved_dir' where it is not associated with a value
2024-03-14 17:05:13,288 - Line:41 - INFO ::=> cannot access local variable 'moved_dir' where it is not associated with a value
2024-03-14 17:05:13,298 - Line:41 - INFO ::=> cannot access local variable 'moved_dir' where it is not associated with a value
2024-03-14 17:05:13,310 - Line:41 - INFO ::=> cannot access local variable 'moved_dir' where it is not associated with a value
2024-03-14 17:05:13,321 - Line:41 - INFO ::=> cannot access local variable 'moved_dir' where it is not associated with a value
2024-03-14 17:05:13,332 - Line:41 - INFO ::=> cannot access local variable 'moved_dir' where it is not associated with a value
2024-03-14 17:05:13,343 - Line:41 - INFO ::=> cannot access local variable 'moved_dir' where it is not associated with a value
2024-03-14 17:05:13,353 - Line:41 - INFO ::=> cannot access local variable 'moved_dir' where it is not associated with a value
2024-03-14 17:05:13,364 - Line:41 - INFO ::=> cannot access local variable 'moved_dir' where it is not associated with a value
2024-03-14 17:05:13,375 - Line:41 - INFO ::=> cannot access local variable 'moved_dir' where it is not associated with a value
2024-03-14 17:05:13,385 - Line:41 - INFO ::=> cannot access local variable 'moved_dir' where it is not associated with a value
2024-03-14 17:05:13,395 - Line:41 - INFO ::=> cannot access local variable 'moved_dir' where it is not associated with a value
2024-03-14 17:05:13,404 - Line:41 - INFO ::=> cannot access local variable 'moved_dir' where it is not associated with a value
2024-03-14 17:05:13,414 - Line:41 - INFO ::=> cannot access local variable 'moved_dir' where it is not associated with a value
2024-03-14 17:05:13,423 - Line:41 - INFO ::=> cannot access local variable 'moved_dir' where it is not associated with a value
2024-03-14 17:05:13,434 - Line:41 - INFO ::=> cannot access local variable 'moved_dir' where it is not associated with a value
2024-03-14 17:05:13,444 - Line:41 - INFO ::=> cannot access local variable 'moved_dir' where it is not associated with a value
2024-03-14 17:05:13,453 - Line:41 - INFO ::=> cannot access local variable 'moved_dir' where it is not associated with a value
2024-03-14 17:05:13,462 - Line:41 - INFO ::=> cannot access local variable 'moved_dir' where it is not associated with a value
2024-03-14 17:05:13,472 - Line:41 - INFO ::=> cannot access local variable 'moved_dir' where it is not associated with a value
2024-03-14 17:05:13,481 - Line:41 - INFO ::=> cannot access local variable 'moved_dir' where it is not associated with a value
2024-03-14 17:05:13,491 - Line:41 - INFO ::=> cannot access local variable 'moved_dir' where it is not associated with a value
2024-03-14 17:05:13,502 - Line:41 - INFO ::=> cannot access local variable 'moved_dir' where it is not associated with a value
2024-03-14 17:05:13,513 - Line:41 - INFO ::=> cannot access local variable 'moved_dir' where it is not associated with a value
2024-03-14 17:05:13,525 - Line:41 - INFO ::=> cannot access local variable 'moved_dir' where it is not associated with a value
2024-03-14 17:05:13,535 - Line:41 - INFO ::=> cannot access local variable 'moved_dir' where it is not associated with a value
2024-03-14 17:05:13,544 - Line:41 - INFO ::=> cannot access local variable 'moved_dir' where it is not associated with a value
2024-03-14 17:05:13,553 - Line:41 - INFO ::=> cannot access local variable 'moved_dir' where it is not associated with a value
2024-03-14 17:05:13,563 - Line:41 - INFO ::=> cannot access local variable 'moved_dir' where it is not associated with a value
2024-03-14 17:05:13,574 - Line:41 - INFO ::=> cannot access local variable 'moved_dir' where it is not associated with a value
2024-03-14 17:05:13,583 - Line:41 - INFO ::=> cannot access local variable 'moved_dir' where it is not associated with a value
2024-03-14 17:05:17,053 - Line:61 - INFO ::=> Success Tender List
2024-03-14 17:05:17,053 - Line:62 - INFO ::=> []
2024-03-14 17:05:17,053 - Line:63 - INFO ::=> Failure Tender List
2024-03-14 17:05:17,053 - Line:64 - INFO ::=> ['GEM_2023_B_3971427', 'GEM_2023_B_3885117', 'GEM_2023_B_3963553', 'GEM_2023_B_3969903', 'GEM_2023_B_3978602', 'GEM_2023_B_3977947', 'GEM_2023_B_3978362', 'GEM_2023_B_3923283', 'GEM_2023_B_3971804', 'GEM_2023_B_3973981', 'GEM_2023_B_3985238', '2023_MES_616798_1', '2023_FCI_769470_1', '2023_FCI_769521_1', '2023_FCI_769448_1', '2023_FCI_769428_1', '2023_PVVNL_841650_1', '2023_DVVNL_841489_1', '2023_EIL_772246_1', 'GEM_2023_B_3882199', 'GEM_2023_B_3614954', 'GEM_2023_B_3928673', 'GEM_2023_B_3927244', 'GEM_2023_B_3848667', 'GEM_2023_B_3918934', 'GEM_2023_B_3985638', 'GEM_2023_B_3899469', 'GEM_2023_B_3927466', '2023_AHDF_370347_1', '2023_AHDF_370000_1', '2023_SAJHA_75710_1', '2023_DOLBU_841399_1', 'GEM_2023_B_3924871', 'GEM_2023_B_3732074', 'GEM_2023_B_3984135', 'GEM_2023_B_3899736', 'GEM_2023_B_3878090', 'GEM_2023_B_3922868', '2023_RSAMB_368452_1', 'GEM_2023_B_3839843', '2023_UPPCU_841322_1', 'GEM_2023_B_3797193', 'GEM_2023_B_3919510', 'GEM_2023_B_3876679', '2023_UPPCU_841298_1', '2023_NNVAR_826675_52', 'GEM_2023_B_3909019', '2023_NNSAH_840808_1', '2023_DOLBU_840775_1', 'GEM_2023_B_3909257', '2023_SUDA_839969_68', '2023_PWD_78782_14', '2023_SUDA_839969_54', '2023_IFC_247620_1', '2023_DJB_247612_2', 'GEM_2023_B_3844689', 'GEM_2023_B_3877944', '2023_NHPC_772624_1', '2023_SUDA_839969_45', '2023_DVVNL_840748_1', '2023_DVVNL_840719_1', 'GEM_2023_B_3891395', '2023_DOLBU_839026_38', 'GEM_2023_B_3898086', '2023_DVVNL_840675_1', '2023_PWD_79091_1', 'GEM_2023_B_3614393', '2023_CPD1_79159_1', 'GEM_2023_B_3875772', '2023_DOLBU_840085_1', '2023_DOLBU_838403_1', 'GEM_2023_B_3917769', '2023_HRY_313936_1', 'GEM_2023_B_3920647', 'GEM_2023_B_3884520', '2023_DVVNL_840488_1', 'GEM_2023_B_3846112', 'GEM_2023_B_3879101', '2023_UPPCF_834099_1', '2023_MoRTH_768091_1', '2023_NNMEE_833318_76', '2023_IIMAS_767922_1', '2023_IAF_614868_1', 'GEM_2023_B_3888581', '2023_ECL_287584_1', '2023_MES_614712_1', '2023_KSCSB_832882_1', '2023_CCL_287712_1', '2023_NOIDA_833143_1', '2023_NOIDA_833128_1', '2023_CCL_287531_1', '2023_UPSBC_833501_1', '2023_UPSBC_832533_1']
