DEB [20231031-14:23:12.346] thr=1   paramiko.transport: starting thread (client mode): 0x353edfd0
DEB [20231031-14:23:12.346] thr=1   paramiko.transport: Local version/idstring: SSH-2.0-paramiko_2.12.0
DEB [20231031-14:23:12.373] thr=1   paramiko.transport: Remote version/idstring: SSH-2.0-OpenSSH_8.2
INF [20231031-14:23:12.373] thr=1   paramiko.transport: Connected (version 2.0, client OpenSSH_8.2)
DEB [20231031-14:23:12.374] thr=1   paramiko.transport: === Key exchange possibilities ===
DEB [20231031-14:23:12.374] thr=1   paramiko.transport: kex algos: curve25519-sha256, curve25519-sha256@libssh.org, ecdh-sha2-nistp256, ecdh-sha2-nistp384, ecdh-sha2-nistp521, diffie-hellman-group-exchange-sha256, diffie-hellman-group16-sha512, diffie-hellman-group18-sha512, diffie-hellman-group14-sha256
DEB [20231031-14:23:12.374] thr=1   paramiko.transport: server key: rsa-sha2-512, rsa-sha2-256, ssh-rsa, ecdsa-sha2-nistp256, ssh-ed25519
DEB [20231031-14:23:12.374] thr=1   paramiko.transport: client encrypt: chacha20-poly1305@openssh.com, aes128-ctr, aes192-ctr, aes256-ctr, aes128-gcm@openssh.com, aes256-gcm@openssh.com
DEB [20231031-14:23:12.374] thr=1   paramiko.transport: server encrypt: chacha20-poly1305@openssh.com, aes128-ctr, aes192-ctr, aes256-ctr, aes128-gcm@openssh.com, aes256-gcm@openssh.com
DEB [20231031-14:23:12.374] thr=1   paramiko.transport: client mac: umac-64-etm@openssh.com, umac-128-etm@openssh.com, hmac-sha2-256-etm@openssh.com, hmac-sha2-512-etm@openssh.com, hmac-sha1-etm@openssh.com, umac-64@openssh.com, umac-128@openssh.com, hmac-sha2-256, hmac-sha2-512, hmac-sha1
DEB [20231031-14:23:12.374] thr=1   paramiko.transport: server mac: umac-64-etm@openssh.com, umac-128-etm@openssh.com, hmac-sha2-256-etm@openssh.com, hmac-sha2-512-etm@openssh.com, hmac-sha1-etm@openssh.com, umac-64@openssh.com, umac-128@openssh.com, hmac-sha2-256, hmac-sha2-512, hmac-sha1
DEB [20231031-14:23:12.374] thr=1   paramiko.transport: client compress: none, zlib@openssh.com
DEB [20231031-14:23:12.374] thr=1   paramiko.transport: server compress: none, zlib@openssh.com
DEB [20231031-14:23:12.374] thr=1   paramiko.transport: client lang: <none>
DEB [20231031-14:23:12.374] thr=1   paramiko.transport: server lang: <none>
DEB [20231031-14:23:12.374] thr=1   paramiko.transport: kex follows: False
DEB [20231031-14:23:12.374] thr=1   paramiko.transport: === Key exchange agreements ===
DEB [20231031-14:23:12.374] thr=1   paramiko.transport: Kex: curve25519-sha256@libssh.org
DEB [20231031-14:23:12.374] thr=1   paramiko.transport: HostKey: ssh-ed25519
DEB [20231031-14:23:12.374] thr=1   paramiko.transport: Cipher: aes128-ctr
DEB [20231031-14:23:12.374] thr=1   paramiko.transport: MAC: hmac-sha2-256
DEB [20231031-14:23:12.374] thr=1   paramiko.transport: Compression: none
DEB [20231031-14:23:12.374] thr=1   paramiko.transport: === End of kex handshake ===
DEB [20231031-14:23:12.385] thr=1   paramiko.transport: kex engine KexCurve25519 specified hash_algo <built-in function openssl_sha256>
DEB [20231031-14:23:12.385] thr=1   paramiko.transport: Switch to new keys ...
DEB [20231031-14:23:12.385] thr=1   paramiko.transport: Got EXT_INFO: {'server-sig-algs': b'ssh-ed25519,sk-ssh-ed25519@openssh.com,ssh-rsa,rsa-sha2-256,rsa-sha2-512,ssh-dss,ecdsa-sha2-nistp256,ecdsa-sha2-nistp384,ecdsa-sha2-nistp521,sk-ecdsa-sha2-nistp256@openssh.com'}
DEB [20231031-14:23:12.385] thr=2   paramiko.transport: Adding ssh-ed25519 host key for 192.168.0.9: b'f910303eb11636633190bc564c60b7fd'
DEB [20231031-14:23:12.425] thr=1   paramiko.transport: userauth is OK
INF [20231031-14:23:12.449] thr=1   paramiko.transport: Authentication (password) successful!
DEB [20231031-14:23:12.490] thr=1   paramiko.transport: EOF in transport thread
DEB [20231031-14:38:53.723] thr=1   paramiko.transport: starting thread (client mode): 0x636e8750
DEB [20231031-14:38:53.723] thr=1   paramiko.transport: Local version/idstring: SSH-2.0-paramiko_2.12.0
DEB [20231031-14:38:53.751] thr=1   paramiko.transport: Remote version/idstring: SSH-2.0-OpenSSH_8.2
INF [20231031-14:38:53.751] thr=1   paramiko.transport: Connected (version 2.0, client OpenSSH_8.2)
DEB [20231031-14:38:53.752] thr=1   paramiko.transport: === Key exchange possibilities ===
DEB [20231031-14:38:53.752] thr=1   paramiko.transport: kex algos: curve25519-sha256, curve25519-sha256@libssh.org, ecdh-sha2-nistp256, ecdh-sha2-nistp384, ecdh-sha2-nistp521, diffie-hellman-group-exchange-sha256, diffie-hellman-group16-sha512, diffie-hellman-group18-sha512, diffie-hellman-group14-sha256
DEB [20231031-14:38:53.752] thr=1   paramiko.transport: server key: rsa-sha2-512, rsa-sha2-256, ssh-rsa, ecdsa-sha2-nistp256, ssh-ed25519
DEB [20231031-14:38:53.752] thr=1   paramiko.transport: client encrypt: chacha20-poly1305@openssh.com, aes128-ctr, aes192-ctr, aes256-ctr, aes128-gcm@openssh.com, aes256-gcm@openssh.com
DEB [20231031-14:38:53.752] thr=1   paramiko.transport: server encrypt: chacha20-poly1305@openssh.com, aes128-ctr, aes192-ctr, aes256-ctr, aes128-gcm@openssh.com, aes256-gcm@openssh.com
DEB [20231031-14:38:53.752] thr=1   paramiko.transport: client mac: umac-64-etm@openssh.com, umac-128-etm@openssh.com, hmac-sha2-256-etm@openssh.com, hmac-sha2-512-etm@openssh.com, hmac-sha1-etm@openssh.com, umac-64@openssh.com, umac-128@openssh.com, hmac-sha2-256, hmac-sha2-512, hmac-sha1
DEB [20231031-14:38:53.752] thr=1   paramiko.transport: server mac: umac-64-etm@openssh.com, umac-128-etm@openssh.com, hmac-sha2-256-etm@openssh.com, hmac-sha2-512-etm@openssh.com, hmac-sha1-etm@openssh.com, umac-64@openssh.com, umac-128@openssh.com, hmac-sha2-256, hmac-sha2-512, hmac-sha1
DEB [20231031-14:38:53.752] thr=1   paramiko.transport: client compress: none, zlib@openssh.com
DEB [20231031-14:38:53.752] thr=1   paramiko.transport: server compress: none, zlib@openssh.com
DEB [20231031-14:38:53.752] thr=1   paramiko.transport: client lang: <none>
DEB [20231031-14:38:53.752] thr=1   paramiko.transport: server lang: <none>
DEB [20231031-14:38:53.752] thr=1   paramiko.transport: kex follows: False
DEB [20231031-14:38:53.752] thr=1   paramiko.transport: === Key exchange agreements ===
DEB [20231031-14:38:53.752] thr=1   paramiko.transport: Kex: curve25519-sha256@libssh.org
DEB [20231031-14:38:53.752] thr=1   paramiko.transport: HostKey: ssh-ed25519
DEB [20231031-14:38:53.752] thr=1   paramiko.transport: Cipher: aes128-ctr
DEB [20231031-14:38:53.752] thr=1   paramiko.transport: MAC: hmac-sha2-256
DEB [20231031-14:38:53.752] thr=1   paramiko.transport: Compression: none
DEB [20231031-14:38:53.752] thr=1   paramiko.transport: === End of kex handshake ===
DEB [20231031-14:38:53.763] thr=1   paramiko.transport: kex engine KexCurve25519 specified hash_algo <built-in function openssl_sha256>
DEB [20231031-14:38:53.763] thr=1   paramiko.transport: Switch to new keys ...
DEB [20231031-14:38:53.763] thr=1   paramiko.transport: Got EXT_INFO: {'server-sig-algs': b'ssh-ed25519,sk-ssh-ed25519@openssh.com,ssh-rsa,rsa-sha2-256,rsa-sha2-512,ssh-dss,ecdsa-sha2-nistp256,ecdsa-sha2-nistp384,ecdsa-sha2-nistp521,sk-ecdsa-sha2-nistp256@openssh.com'}
DEB [20231031-14:38:53.763] thr=2   paramiko.transport: Adding ssh-ed25519 host key for 192.168.0.9: b'f910303eb11636633190bc564c60b7fd'
DEB [20231031-14:38:53.803] thr=1   paramiko.transport: userauth is OK
INF [20231031-14:38:53.827] thr=1   paramiko.transport: Authentication (password) successful!
DEB [20231031-14:38:53.870] thr=1   paramiko.transport: EOF in transport thread
DEB [20231031-14:39:24.206] thr=3   paramiko.transport: starting thread (client mode): 0x636f8f90
DEB [20231031-14:39:24.206] thr=3   paramiko.transport: Local version/idstring: SSH-2.0-paramiko_2.12.0
DEB [20231031-14:39:24.233] thr=3   paramiko.transport: Remote version/idstring: SSH-2.0-OpenSSH_8.2
INF [20231031-14:39:24.233] thr=3   paramiko.transport: Connected (version 2.0, client OpenSSH_8.2)
DEB [20231031-14:39:24.234] thr=3   paramiko.transport: === Key exchange possibilities ===
DEB [20231031-14:39:24.234] thr=3   paramiko.transport: kex algos: curve25519-sha256, curve25519-sha256@libssh.org, ecdh-sha2-nistp256, ecdh-sha2-nistp384, ecdh-sha2-nistp521, diffie-hellman-group-exchange-sha256, diffie-hellman-group16-sha512, diffie-hellman-group18-sha512, diffie-hellman-group14-sha256
DEB [20231031-14:39:24.234] thr=3   paramiko.transport: server key: rsa-sha2-512, rsa-sha2-256, ssh-rsa, ecdsa-sha2-nistp256, ssh-ed25519
DEB [20231031-14:39:24.234] thr=3   paramiko.transport: client encrypt: chacha20-poly1305@openssh.com, aes128-ctr, aes192-ctr, aes256-ctr, aes128-gcm@openssh.com, aes256-gcm@openssh.com
DEB [20231031-14:39:24.234] thr=3   paramiko.transport: server encrypt: chacha20-poly1305@openssh.com, aes128-ctr, aes192-ctr, aes256-ctr, aes128-gcm@openssh.com, aes256-gcm@openssh.com
DEB [20231031-14:39:24.234] thr=3   paramiko.transport: client mac: umac-64-etm@openssh.com, umac-128-etm@openssh.com, hmac-sha2-256-etm@openssh.com, hmac-sha2-512-etm@openssh.com, hmac-sha1-etm@openssh.com, umac-64@openssh.com, umac-128@openssh.com, hmac-sha2-256, hmac-sha2-512, hmac-sha1
DEB [20231031-14:39:24.234] thr=3   paramiko.transport: server mac: umac-64-etm@openssh.com, umac-128-etm@openssh.com, hmac-sha2-256-etm@openssh.com, hmac-sha2-512-etm@openssh.com, hmac-sha1-etm@openssh.com, umac-64@openssh.com, umac-128@openssh.com, hmac-sha2-256, hmac-sha2-512, hmac-sha1
DEB [20231031-14:39:24.234] thr=3   paramiko.transport: client compress: none, zlib@openssh.com
DEB [20231031-14:39:24.234] thr=3   paramiko.transport: server compress: none, zlib@openssh.com
DEB [20231031-14:39:24.234] thr=3   paramiko.transport: client lang: <none>
DEB [20231031-14:39:24.234] thr=3   paramiko.transport: server lang: <none>
DEB [20231031-14:39:24.234] thr=3   paramiko.transport: kex follows: False
DEB [20231031-14:39:24.234] thr=3   paramiko.transport: === Key exchange agreements ===
DEB [20231031-14:39:24.234] thr=3   paramiko.transport: Kex: curve25519-sha256@libssh.org
DEB [20231031-14:39:24.234] thr=3   paramiko.transport: HostKey: ssh-ed25519
DEB [20231031-14:39:24.234] thr=3   paramiko.transport: Cipher: aes128-ctr
DEB [20231031-14:39:24.234] thr=3   paramiko.transport: MAC: hmac-sha2-256
DEB [20231031-14:39:24.234] thr=3   paramiko.transport: Compression: none
DEB [20231031-14:39:24.234] thr=3   paramiko.transport: === End of kex handshake ===
DEB [20231031-14:39:24.245] thr=3   paramiko.transport: kex engine KexCurve25519 specified hash_algo <built-in function openssl_sha256>
DEB [20231031-14:39:24.245] thr=3   paramiko.transport: Switch to new keys ...
DEB [20231031-14:39:24.245] thr=3   paramiko.transport: Got EXT_INFO: {'server-sig-algs': b'ssh-ed25519,sk-ssh-ed25519@openssh.com,ssh-rsa,rsa-sha2-256,rsa-sha2-512,ssh-dss,ecdsa-sha2-nistp256,ecdsa-sha2-nistp384,ecdsa-sha2-nistp521,sk-ecdsa-sha2-nistp256@openssh.com'}
DEB [20231031-14:39:24.245] thr=2   paramiko.transport: Adding ssh-ed25519 host key for 192.168.0.9: b'f910303eb11636633190bc564c60b7fd'
DEB [20231031-14:39:24.285] thr=3   paramiko.transport: userauth is OK
INF [20231031-14:39:24.309] thr=3   paramiko.transport: Authentication (password) successful!
DEB [20231031-14:39:24.309] thr=2   paramiko.transport: [chan 0] Max packet in: 32768 bytes
DEB [20231031-14:39:24.312] thr=3   paramiko.transport: Received global request "hostkeys-00@openssh.com"
DEB [20231031-14:39:24.312] thr=3   paramiko.transport: Rejecting "hostkeys-00@openssh.com" global request from server.
DEB [20231031-14:39:24.354] thr=3   paramiko.transport: [chan 0] Max packet out: 32768 bytes
DEB [20231031-14:39:24.354] thr=3   paramiko.transport: Secsh channel 0 opened.
DEB [20231031-14:39:24.357] thr=3   paramiko.transport: [chan 0] Sesch channel 0 request ok
INF [20231031-14:39:24.444] thr=2   paramiko.transport.sftp: [chan 0] Opened sftp connection (server version 3)
DEB [20231031-14:39:24.444] thr=2   paramiko.transport.sftp: [chan 0] mkdir(b'/TENDER AUTO/bkp_file', 493)
DEB [20231031-14:39:24.545] thr=3   paramiko.transport: EOF in transport thread
DEB [20231031-14:42:24.267] thr=4   paramiko.transport: starting thread (client mode): 0x636f8d90
DEB [20231031-14:42:24.267] thr=4   paramiko.transport: Local version/idstring: SSH-2.0-paramiko_2.12.0
DEB [20231031-14:42:24.294] thr=4   paramiko.transport: Remote version/idstring: SSH-2.0-OpenSSH_8.2
INF [20231031-14:42:24.294] thr=4   paramiko.transport: Connected (version 2.0, client OpenSSH_8.2)
DEB [20231031-14:42:24.295] thr=4   paramiko.transport: === Key exchange possibilities ===
DEB [20231031-14:42:24.295] thr=4   paramiko.transport: kex algos: curve25519-sha256, curve25519-sha256@libssh.org, ecdh-sha2-nistp256, ecdh-sha2-nistp384, ecdh-sha2-nistp521, diffie-hellman-group-exchange-sha256, diffie-hellman-group16-sha512, diffie-hellman-group18-sha512, diffie-hellman-group14-sha256
DEB [20231031-14:42:24.295] thr=4   paramiko.transport: server key: rsa-sha2-512, rsa-sha2-256, ssh-rsa, ecdsa-sha2-nistp256, ssh-ed25519
DEB [20231031-14:42:24.295] thr=4   paramiko.transport: client encrypt: chacha20-poly1305@openssh.com, aes128-ctr, aes192-ctr, aes256-ctr, aes128-gcm@openssh.com, aes256-gcm@openssh.com
DEB [20231031-14:42:24.295] thr=4   paramiko.transport: server encrypt: chacha20-poly1305@openssh.com, aes128-ctr, aes192-ctr, aes256-ctr, aes128-gcm@openssh.com, aes256-gcm@openssh.com
DEB [20231031-14:42:24.295] thr=4   paramiko.transport: client mac: umac-64-etm@openssh.com, umac-128-etm@openssh.com, hmac-sha2-256-etm@openssh.com, hmac-sha2-512-etm@openssh.com, hmac-sha1-etm@openssh.com, umac-64@openssh.com, umac-128@openssh.com, hmac-sha2-256, hmac-sha2-512, hmac-sha1
DEB [20231031-14:42:24.295] thr=4   paramiko.transport: server mac: umac-64-etm@openssh.com, umac-128-etm@openssh.com, hmac-sha2-256-etm@openssh.com, hmac-sha2-512-etm@openssh.com, hmac-sha1-etm@openssh.com, umac-64@openssh.com, umac-128@openssh.com, hmac-sha2-256, hmac-sha2-512, hmac-sha1
DEB [20231031-14:42:24.295] thr=4   paramiko.transport: client compress: none, zlib@openssh.com
DEB [20231031-14:42:24.295] thr=4   paramiko.transport: server compress: none, zlib@openssh.com
DEB [20231031-14:42:24.295] thr=4   paramiko.transport: client lang: <none>
DEB [20231031-14:42:24.295] thr=4   paramiko.transport: server lang: <none>
DEB [20231031-14:42:24.295] thr=4   paramiko.transport: kex follows: False
DEB [20231031-14:42:24.295] thr=4   paramiko.transport: === Key exchange agreements ===
DEB [20231031-14:42:24.295] thr=4   paramiko.transport: Kex: curve25519-sha256@libssh.org
DEB [20231031-14:42:24.295] thr=4   paramiko.transport: HostKey: ssh-ed25519
DEB [20231031-14:42:24.295] thr=4   paramiko.transport: Cipher: aes128-ctr
DEB [20231031-14:42:24.295] thr=4   paramiko.transport: MAC: hmac-sha2-256
DEB [20231031-14:42:24.295] thr=4   paramiko.transport: Compression: none
DEB [20231031-14:42:24.295] thr=4   paramiko.transport: === End of kex handshake ===
DEB [20231031-14:42:24.305] thr=4   paramiko.transport: kex engine KexCurve25519 specified hash_algo <built-in function openssl_sha256>
DEB [20231031-14:42:24.305] thr=4   paramiko.transport: Switch to new keys ...
DEB [20231031-14:42:24.305] thr=4   paramiko.transport: Got EXT_INFO: {'server-sig-algs': b'ssh-ed25519,sk-ssh-ed25519@openssh.com,ssh-rsa,rsa-sha2-256,rsa-sha2-512,ssh-dss,ecdsa-sha2-nistp256,ecdsa-sha2-nistp384,ecdsa-sha2-nistp521,sk-ecdsa-sha2-nistp256@openssh.com'}
DEB [20231031-14:42:24.306] thr=2   paramiko.transport: Adding ssh-ed25519 host key for 192.168.0.9: b'f910303eb11636633190bc564c60b7fd'
DEB [20231031-14:42:24.346] thr=4   paramiko.transport: userauth is OK
INF [20231031-14:42:24.369] thr=4   paramiko.transport: Authentication (password) successful!
DEB [20231031-14:42:24.370] thr=2   paramiko.transport: [chan 0] Max packet in: 32768 bytes
DEB [20231031-14:42:24.373] thr=4   paramiko.transport: Received global request "hostkeys-00@openssh.com"
DEB [20231031-14:42:24.373] thr=4   paramiko.transport: Rejecting "hostkeys-00@openssh.com" global request from server.
DEB [20231031-14:42:24.414] thr=4   paramiko.transport: [chan 0] Max packet out: 32768 bytes
DEB [20231031-14:42:24.414] thr=4   paramiko.transport: Secsh channel 0 opened.
DEB [20231031-14:42:24.417] thr=4   paramiko.transport: [chan 0] Sesch channel 0 request ok
INF [20231031-14:42:24.455] thr=2   paramiko.transport.sftp: [chan 0] Opened sftp connection (server version 3)
DEB [20231031-14:42:24.455] thr=2   paramiko.transport.sftp: [chan 0] mkdir(b'/TENDER AUTO/bkp_file', 493)
DEB [20231031-14:42:24.556] thr=4   paramiko.transport: EOF in transport thread
DEB [20231031-14:48:04.098] thr=5   paramiko.transport: starting thread (client mode): 0x61cedb10
DEB [20231031-14:48:04.098] thr=5   paramiko.transport: Local version/idstring: SSH-2.0-paramiko_2.12.0
DEB [20231031-14:48:04.125] thr=5   paramiko.transport: Remote version/idstring: SSH-2.0-OpenSSH_8.2
INF [20231031-14:48:04.125] thr=5   paramiko.transport: Connected (version 2.0, client OpenSSH_8.2)
DEB [20231031-14:48:04.126] thr=5   paramiko.transport: === Key exchange possibilities ===
DEB [20231031-14:48:04.126] thr=5   paramiko.transport: kex algos: curve25519-sha256, curve25519-sha256@libssh.org, ecdh-sha2-nistp256, ecdh-sha2-nistp384, ecdh-sha2-nistp521, diffie-hellman-group-exchange-sha256, diffie-hellman-group16-sha512, diffie-hellman-group18-sha512, diffie-hellman-group14-sha256
DEB [20231031-14:48:04.126] thr=5   paramiko.transport: server key: rsa-sha2-512, rsa-sha2-256, ssh-rsa, ecdsa-sha2-nistp256, ssh-ed25519
DEB [20231031-14:48:04.126] thr=5   paramiko.transport: client encrypt: chacha20-poly1305@openssh.com, aes128-ctr, aes192-ctr, aes256-ctr, aes128-gcm@openssh.com, aes256-gcm@openssh.com
DEB [20231031-14:48:04.126] thr=5   paramiko.transport: server encrypt: chacha20-poly1305@openssh.com, aes128-ctr, aes192-ctr, aes256-ctr, aes128-gcm@openssh.com, aes256-gcm@openssh.com
DEB [20231031-14:48:04.126] thr=5   paramiko.transport: client mac: umac-64-etm@openssh.com, umac-128-etm@openssh.com, hmac-sha2-256-etm@openssh.com, hmac-sha2-512-etm@openssh.com, hmac-sha1-etm@openssh.com, umac-64@openssh.com, umac-128@openssh.com, hmac-sha2-256, hmac-sha2-512, hmac-sha1
DEB [20231031-14:48:04.126] thr=5   paramiko.transport: server mac: umac-64-etm@openssh.com, umac-128-etm@openssh.com, hmac-sha2-256-etm@openssh.com, hmac-sha2-512-etm@openssh.com, hmac-sha1-etm@openssh.com, umac-64@openssh.com, umac-128@openssh.com, hmac-sha2-256, hmac-sha2-512, hmac-sha1
DEB [20231031-14:48:04.126] thr=5   paramiko.transport: client compress: none, zlib@openssh.com
DEB [20231031-14:48:04.126] thr=5   paramiko.transport: server compress: none, zlib@openssh.com
DEB [20231031-14:48:04.126] thr=5   paramiko.transport: client lang: <none>
DEB [20231031-14:48:04.126] thr=5   paramiko.transport: server lang: <none>
DEB [20231031-14:48:04.126] thr=5   paramiko.transport: kex follows: False
DEB [20231031-14:48:04.126] thr=5   paramiko.transport: === Key exchange agreements ===
DEB [20231031-14:48:04.126] thr=5   paramiko.transport: Kex: curve25519-sha256@libssh.org
DEB [20231031-14:48:04.126] thr=5   paramiko.transport: HostKey: ssh-ed25519
DEB [20231031-14:48:04.126] thr=5   paramiko.transport: Cipher: aes128-ctr
DEB [20231031-14:48:04.126] thr=5   paramiko.transport: MAC: hmac-sha2-256
DEB [20231031-14:48:04.126] thr=5   paramiko.transport: Compression: none
DEB [20231031-14:48:04.126] thr=5   paramiko.transport: === End of kex handshake ===
DEB [20231031-14:48:04.136] thr=5   paramiko.transport: kex engine KexCurve25519 specified hash_algo <built-in function openssl_sha256>
DEB [20231031-14:48:04.137] thr=5   paramiko.transport: Switch to new keys ...
DEB [20231031-14:48:04.137] thr=5   paramiko.transport: Got EXT_INFO: {'server-sig-algs': b'ssh-ed25519,sk-ssh-ed25519@openssh.com,ssh-rsa,rsa-sha2-256,rsa-sha2-512,ssh-dss,ecdsa-sha2-nistp256,ecdsa-sha2-nistp384,ecdsa-sha2-nistp521,sk-ecdsa-sha2-nistp256@openssh.com'}
DEB [20231031-14:48:04.137] thr=2   paramiko.transport: Adding ssh-ed25519 host key for 192.168.0.9: b'f910303eb11636633190bc564c60b7fd'
DEB [20231031-14:48:04.177] thr=5   paramiko.transport: userauth is OK
INF [20231031-14:48:04.200] thr=5   paramiko.transport: Authentication (password) successful!
DEB [20231031-14:48:04.200] thr=2   paramiko.transport: [chan 0] Max packet in: 32768 bytes
DEB [20231031-14:48:04.203] thr=5   paramiko.transport: Received global request "hostkeys-00@openssh.com"
DEB [20231031-14:48:04.203] thr=5   paramiko.transport: Rejecting "hostkeys-00@openssh.com" global request from server.
DEB [20231031-14:48:04.246] thr=5   paramiko.transport: [chan 0] Max packet out: 32768 bytes
DEB [20231031-14:48:04.246] thr=5   paramiko.transport: Secsh channel 0 opened.
DEB [20231031-14:48:04.249] thr=5   paramiko.transport: [chan 0] Sesch channel 0 request ok
INF [20231031-14:48:04.285] thr=2   paramiko.transport.sftp: [chan 0] Opened sftp connection (server version 3)
DEB [20231031-14:48:04.285] thr=2   paramiko.transport.sftp: [chan 0] open(b'/TENDER AUTO/bkp_file', 'wb')
DEB [20231031-14:48:04.387] thr=5   paramiko.transport: EOF in transport thread
DEB [20231031-14:49:17.573] thr=6   paramiko.transport: starting thread (client mode): 0x61cedf90
DEB [20231031-14:49:17.573] thr=6   paramiko.transport: Local version/idstring: SSH-2.0-paramiko_2.12.0
DEB [20231031-14:49:17.601] thr=6   paramiko.transport: Remote version/idstring: SSH-2.0-OpenSSH_8.2
INF [20231031-14:49:17.601] thr=6   paramiko.transport: Connected (version 2.0, client OpenSSH_8.2)
DEB [20231031-14:49:17.601] thr=6   paramiko.transport: === Key exchange possibilities ===
DEB [20231031-14:49:17.601] thr=6   paramiko.transport: kex algos: curve25519-sha256, curve25519-sha256@libssh.org, ecdh-sha2-nistp256, ecdh-sha2-nistp384, ecdh-sha2-nistp521, diffie-hellman-group-exchange-sha256, diffie-hellman-group16-sha512, diffie-hellman-group18-sha512, diffie-hellman-group14-sha256
DEB [20231031-14:49:17.601] thr=6   paramiko.transport: server key: rsa-sha2-512, rsa-sha2-256, ssh-rsa, ecdsa-sha2-nistp256, ssh-ed25519
DEB [20231031-14:49:17.601] thr=6   paramiko.transport: client encrypt: chacha20-poly1305@openssh.com, aes128-ctr, aes192-ctr, aes256-ctr, aes128-gcm@openssh.com, aes256-gcm@openssh.com
DEB [20231031-14:49:17.601] thr=6   paramiko.transport: server encrypt: chacha20-poly1305@openssh.com, aes128-ctr, aes192-ctr, aes256-ctr, aes128-gcm@openssh.com, aes256-gcm@openssh.com
DEB [20231031-14:49:17.601] thr=6   paramiko.transport: client mac: umac-64-etm@openssh.com, umac-128-etm@openssh.com, hmac-sha2-256-etm@openssh.com, hmac-sha2-512-etm@openssh.com, hmac-sha1-etm@openssh.com, umac-64@openssh.com, umac-128@openssh.com, hmac-sha2-256, hmac-sha2-512, hmac-sha1
DEB [20231031-14:49:17.601] thr=6   paramiko.transport: server mac: umac-64-etm@openssh.com, umac-128-etm@openssh.com, hmac-sha2-256-etm@openssh.com, hmac-sha2-512-etm@openssh.com, hmac-sha1-etm@openssh.com, umac-64@openssh.com, umac-128@openssh.com, hmac-sha2-256, hmac-sha2-512, hmac-sha1
DEB [20231031-14:49:17.601] thr=6   paramiko.transport: client compress: none, zlib@openssh.com
DEB [20231031-14:49:17.601] thr=6   paramiko.transport: server compress: none, zlib@openssh.com
DEB [20231031-14:49:17.601] thr=6   paramiko.transport: client lang: <none>
DEB [20231031-14:49:17.601] thr=6   paramiko.transport: server lang: <none>
DEB [20231031-14:49:17.602] thr=6   paramiko.transport: kex follows: False
DEB [20231031-14:49:17.602] thr=6   paramiko.transport: === Key exchange agreements ===
DEB [20231031-14:49:17.602] thr=6   paramiko.transport: Kex: curve25519-sha256@libssh.org
DEB [20231031-14:49:17.602] thr=6   paramiko.transport: HostKey: ssh-ed25519
DEB [20231031-14:49:17.602] thr=6   paramiko.transport: Cipher: aes128-ctr
DEB [20231031-14:49:17.602] thr=6   paramiko.transport: MAC: hmac-sha2-256
DEB [20231031-14:49:17.602] thr=6   paramiko.transport: Compression: none
DEB [20231031-14:49:17.602] thr=6   paramiko.transport: === End of kex handshake ===
DEB [20231031-14:49:17.612] thr=6   paramiko.transport: kex engine KexCurve25519 specified hash_algo <built-in function openssl_sha256>
DEB [20231031-14:49:17.612] thr=6   paramiko.transport: Switch to new keys ...
DEB [20231031-14:49:17.612] thr=6   paramiko.transport: Got EXT_INFO: {'server-sig-algs': b'ssh-ed25519,sk-ssh-ed25519@openssh.com,ssh-rsa,rsa-sha2-256,rsa-sha2-512,ssh-dss,ecdsa-sha2-nistp256,ecdsa-sha2-nistp384,ecdsa-sha2-nistp521,sk-ecdsa-sha2-nistp256@openssh.com'}
DEB [20231031-14:49:17.612] thr=2   paramiko.transport: Adding ssh-ed25519 host key for 192.168.0.9: b'f910303eb11636633190bc564c60b7fd'
DEB [20231031-14:49:17.652] thr=6   paramiko.transport: userauth is OK
INF [20231031-14:49:17.676] thr=6   paramiko.transport: Authentication (password) successful!
DEB [20231031-14:49:17.676] thr=2   paramiko.transport: [chan 0] Max packet in: 32768 bytes
DEB [20231031-14:49:17.679] thr=6   paramiko.transport: Received global request "hostkeys-00@openssh.com"
DEB [20231031-14:49:17.679] thr=6   paramiko.transport: Rejecting "hostkeys-00@openssh.com" global request from server.
DEB [20231031-14:49:17.722] thr=6   paramiko.transport: [chan 0] Max packet out: 32768 bytes
DEB [20231031-14:49:17.722] thr=6   paramiko.transport: Secsh channel 0 opened.
DEB [20231031-14:49:17.725] thr=6   paramiko.transport: [chan 0] Sesch channel 0 request ok
INF [20231031-14:49:17.775] thr=2   paramiko.transport.sftp: [chan 0] Opened sftp connection (server version 3)
DEB [20231031-14:49:17.775] thr=2   paramiko.transport.sftp: [chan 0] open(b'/TENDER AUTO/bkp_file', 'wb')
DEB [20231031-14:49:17.876] thr=6   paramiko.transport: EOF in transport thread
